2019-07-29 08:55:38.050  INFO 8180 --- [restartedMain] com.example.demo.DemoApplication         : Starting DemoApplication on 2-PC with PID 8180 (E:\demo\target\classes started by 2 in E:\demo)
2019-07-29 08:55:38.066  INFO 8180 --- [restartedMain] com.example.demo.DemoApplication         : No active profile set, falling back to default profiles: default
2019-07-29 08:55:38.113  INFO 8180 --- [restartedMain] .e.DevToolsPropertyDefaultsPostProcessor : Devtools property defaults active! Set 'spring.devtools.add-properties' to 'false' to disable
2019-07-29 08:55:38.128  INFO 8180 --- [restartedMain] .e.DevToolsPropertyDefaultsPostProcessor : For additional web related logging consider setting the 'logging.level.web' property to 'DEBUG'
2019-07-29 08:55:39.255  INFO 8180 --- [restartedMain] o.s.b.w.embedded.tomcat.TomcatWebServer  : Tomcat initialized with port(s): 8081 (http)
2019-07-29 08:55:39.286  INFO 8180 --- [restartedMain] o.apache.catalina.core.StandardService   : Starting service [Tomcat]
2019-07-29 08:55:39.286  INFO 8180 --- [restartedMain] org.apache.catalina.core.StandardEngine  : Starting Servlet engine: [Apache Tomcat/9.0.21]
2019-07-29 08:55:39.567  INFO 8180 --- [restartedMain] org.apache.jasper.servlet.TldScanner     : At least one JAR was scanned for TLDs yet contained no TLDs. Enable debug logging for this logger for a complete list of JARs that were scanned but no TLDs were found in them. Skipping unneeded JARs during scanning can improve startup time and JSP compilation time.
2019-07-29 08:55:39.567  INFO 8180 --- [restartedMain] o.a.c.c.C.[Tomcat].[localhost].[/]       : Initializing Spring embedded WebApplicationContext
2019-07-29 08:55:39.567  INFO 8180 --- [restartedMain] o.s.web.context.ContextLoader            : Root WebApplicationContext: initialization completed in 1439 ms
2019-07-29 08:55:39.754  INFO 8180 --- [restartedMain] o.s.s.concurrent.ThreadPoolTaskExecutor  : Initializing ExecutorService 'applicationTaskExecutor'
2019-07-29 08:55:39.863  INFO 8180 --- [restartedMain] o.s.s.c.ThreadPoolTaskScheduler          : Initializing ExecutorService 'taskScheduler'
2019-07-29 08:55:39.894  INFO 8180 --- [restartedMain] o.s.b.d.a.OptionalLiveReloadServer       : LiveReload server is running on port 35729
2019-07-29 08:55:39.941  INFO 8180 --- [restartedMain] o.s.b.w.embedded.tomcat.TomcatWebServer  : Tomcat started on port(s): 8081 (http) with context path ''
2019-07-29 08:55:39.957  INFO 8180 --- [restartedMain] com.example.demo.DemoApplication         : Started DemoApplication in 2.479 seconds (JVM running for 3.212)
2019-07-29 08:55:42.008  INFO 8180 --- [scheduling-1] c.example.demo.controller.SchedulerTask  : 定时任务
2019-07-29 08:55:42.008  INFO 8180 --- [scheduling-1] c.example.demo.controller.SchedulerTask  : info level
2019-07-29 08:55:42.008  WARN 8180 --- [scheduling-1] c.example.demo.controller.SchedulerTask  : warn level
2019-07-29 08:55:42.008 ERROR 8180 --- [scheduling-1] c.example.demo.controller.SchedulerTask  : error level
2019-07-29 08:55:48.003  INFO 8180 --- [scheduling-1] c.example.demo.controller.SchedulerTask  : 定时任务
2019-07-29 08:55:48.003  INFO 8180 --- [scheduling-1] c.example.demo.controller.SchedulerTask  : info level
2019-07-29 08:55:48.003  WARN 8180 --- [scheduling-1] c.example.demo.controller.SchedulerTask  : warn level
2019-07-29 08:55:48.003 ERROR 8180 --- [scheduling-1] c.example.demo.controller.SchedulerTask  : error level
